-- The C compiler identification is GNU 11.2.0
-- The CXX compiler identification is GNU 11.2.0
-- Detecting C compiler ABI info
-- Detecting C compiler ABI info - done
-- Check for working C compiler: /usr/bin/cc - skipped
-- Detecting C compile features
-- Detecting C compile features - done
-- Detecting CXX compiler ABI info
-- Detecting CXX compiler ABI info - done
-- Check for working CXX compiler: /usr/bin/c++ - skipped
-- Detecting CXX compile features
-- Detecting CXX compile features - done
-- Found ament_cmake: 1.3.2 (/opt/ros/humble/share/ament_cmake/cmake)
-- Found Python3: /usr/bin/python3.10 (found version "3.10.6") found components: Interpreter 
-- Found ament_lint_auto: 0.12.4 (/opt/ros/humble/share/ament_lint_auto/cmake)
-- Added test 'copyright' to check source files copyright and LICENSE
-- Added test 'lint_cmake' to check CMake code style
-- Added test 'xmllint' to check XML markup files
-- Configuring done
-- Generating done
-- Build files have been written to: /home/isaac/roboracing_ws/src/roboracing-software/build/rr_iarrc
-- Install configuration: ""
-- Installing: /home/isaac/roboracing_ws/src/roboracing-software/install/rr_iarrc/share/ament_index/resource_index/package_run_dependencies/rr_iarrc
-- Installing: /home/isaac/roboracing_ws/src/roboracing-software/install/rr_iarrc/share/ament_index/resource_index/parent_prefix_path/rr_iarrc
-- Installing: /home/isaac/roboracing_ws/src/roboracing-software/install/rr_iarrc/share/rr_iarrc/environment/ament_prefix_path.sh
-- Installing: /home/isaac/roboracing_ws/src/roboracing-software/install/rr_iarrc/share/rr_iarrc/environment/ament_prefix_path.dsv
-- Installing: /home/isaac/roboracing_ws/src/roboracing-software/install/rr_iarrc/share/rr_iarrc/environment/path.sh
-- Installing: /home/isaac/roboracing_ws/src/roboracing-software/install/rr_iarrc/share/rr_iarrc/environment/path.dsv
-- Installing: /home/isaac/roboracing_ws/src/roboracing-software/install/rr_iarrc/share/rr_iarrc/local_setup.bash
-- Installing: /home/isaac/roboracing_ws/src/roboracing-software/install/rr_iarrc/share/rr_iarrc/local_setup.sh
-- Installing: /home/isaac/roboracing_ws/src/roboracing-software/install/rr_iarrc/share/rr_iarrc/local_setup.zsh
-- Installing: /home/isaac/roboracing_ws/src/roboracing-software/install/rr_iarrc/share/rr_iarrc/local_setup.dsv
-- Installing: /home/isaac/roboracing_ws/src/roboracing-software/install/rr_iarrc/share/rr_iarrc/package.dsv
-- Installing: /home/isaac/roboracing_ws/src/roboracing-software/install/rr_iarrc/share/ament_index/resource_index/packages/rr_iarrc
-- Installing: /home/isaac/roboracing_ws/src/roboracing-software/install/rr_iarrc/share/rr_iarrc/cmake/rr_iarrcConfig.cmake
-- Installing: /home/isaac/roboracing_ws/src/roboracing-software/install/rr_iarrc/share/rr_iarrc/cmake/rr_iarrcConfig-version.cmake
-- Installing: /home/isaac/roboracing_ws/src/roboracing-software/install/rr_iarrc/share/rr_iarrc/package.xml
