[0.042s] Invoking command in '/home/isaac/roboracing_ws/src/roboracing-software/build/rr_iarrc': CMAKE_PREFIX_PATH=/opt/ros/humble /usr/bin/cmake /home/isaac/roboracing_ws/src/roboracing-software/rr_iarrc -DCMAKE_INSTALL_PREFIX=/home/isaac/roboracing_ws/src/roboracing-software/install/rr_iarrc
[0.176s] -- The C compiler identification is GNU 11.2.0
[0.298s] -- The CXX compiler identification is GNU 11.2.0
[0.321s] -- Detecting C compiler ABI info
[0.467s] -- Detecting C compiler ABI info - done
[0.491s] -- Check for working C compiler: /usr/bin/cc - skipped
[0.491s] -- Detecting C compile features
[0.492s] -- Detecting C compile features - done
[0.500s] -- Detecting CXX compiler ABI info
[0.668s] -- Detecting CXX compiler ABI info - done
[0.683s] -- Check for working CXX compiler: /usr/bin/c++ - skipped
[0.684s] -- Detecting CXX compile features
[0.685s] -- Detecting CXX compile features - done
[0.691s] -- Found ament_cmake: 1.3.2 (/opt/ros/humble/share/ament_cmake/cmake)
[1.088s] -- Found Python3: /usr/bin/python3.10 (found version "3.10.6") found components: Interpreter 
[1.267s] -- Found ament_lint_auto: 0.12.4 (/opt/ros/humble/share/ament_lint_auto/cmake)
[1.461s] -- Added test 'copyright' to check source files copyright and LICENSE
[1.464s] -- Added test 'lint_cmake' to check CMake code style
[1.466s] -- Added test 'xmllint' to check XML markup files
[1.469s] -- Configuring done
[1.476s] -- Generating done
[1.480s] -- Build files have been written to: /home/isaac/roboracing_ws/src/roboracing-software/build/rr_iarrc
[1.499s] Invoked command in '/home/isaac/roboracing_ws/src/roboracing-software/build/rr_iarrc' returned '0': CMAKE_PREFIX_PATH=/opt/ros/humble /usr/bin/cmake /home/isaac/roboracing_ws/src/roboracing-software/rr_iarrc -DCMAKE_INSTALL_PREFIX=/home/isaac/roboracing_ws/src/roboracing-software/install/rr_iarrc
[1.502s] Invoking command in '/home/isaac/roboracing_ws/src/roboracing-software/build/rr_iarrc': CMAKE_PREFIX_PATH=/opt/ros/humble /usr/bin/cmake --build /home/isaac/roboracing_ws/src/roboracing-software/build/rr_iarrc -- -j8 -l8
[1.580s] Invoked command in '/home/isaac/roboracing_ws/src/roboracing-software/build/rr_iarrc' returned '0': CMAKE_PREFIX_PATH=/opt/ros/humble /usr/bin/cmake --build /home/isaac/roboracing_ws/src/roboracing-software/build/rr_iarrc -- -j8 -l8
[1.657s] Invoking command in '/home/isaac/roboracing_ws/src/roboracing-software/build/rr_iarrc': CMAKE_PREFIX_PATH=/opt/ros/humble /usr/bin/cmake --install /home/isaac/roboracing_ws/src/roboracing-software/build/rr_iarrc
[1.725s] -- Install configuration: ""
[1.725s] -- Installing: /home/isaac/roboracing_ws/src/roboracing-software/install/rr_iarrc/share/ament_index/resource_index/package_run_dependencies/rr_iarrc
[1.734s] -- Installing: /home/isaac/roboracing_ws/src/roboracing-software/install/rr_iarrc/share/ament_index/resource_index/parent_prefix_path/rr_iarrc
[1.736s] -- Installing: /home/isaac/roboracing_ws/src/roboracing-software/install/rr_iarrc/share/rr_iarrc/environment/ament_prefix_path.sh
[1.736s] -- Installing: /home/isaac/roboracing_ws/src/roboracing-software/install/rr_iarrc/share/rr_iarrc/environment/ament_prefix_path.dsv
[1.737s] -- Installing: /home/isaac/roboracing_ws/src/roboracing-software/install/rr_iarrc/share/rr_iarrc/environment/path.sh
[1.737s] -- Installing: /home/isaac/roboracing_ws/src/roboracing-software/install/rr_iarrc/share/rr_iarrc/environment/path.dsv
[1.737s] -- Installing: /home/isaac/roboracing_ws/src/roboracing-software/install/rr_iarrc/share/rr_iarrc/local_setup.bash
[1.737s] -- Installing: /home/isaac/roboracing_ws/src/roboracing-software/install/rr_iarrc/share/rr_iarrc/local_setup.sh
[1.738s] -- Installing: /home/isaac/roboracing_ws/src/roboracing-software/install/rr_iarrc/share/rr_iarrc/local_setup.zsh
[1.738s] -- Installing: /home/isaac/roboracing_ws/src/roboracing-software/install/rr_iarrc/share/rr_iarrc/local_setup.dsv
[1.738s] -- Installing: /home/isaac/roboracing_ws/src/roboracing-software/install/rr_iarrc/share/rr_iarrc/package.dsv
[1.738s] -- Installing: /home/isaac/roboracing_ws/src/roboracing-software/install/rr_iarrc/share/ament_index/resource_index/packages/rr_iarrc
[1.738s] -- Installing: /home/isaac/roboracing_ws/src/roboracing-software/install/rr_iarrc/share/rr_iarrc/cmake/rr_iarrcConfig.cmake
[1.739s] -- Installing: /home/isaac/roboracing_ws/src/roboracing-software/install/rr_iarrc/share/rr_iarrc/cmake/rr_iarrcConfig-version.cmake
[1.739s] -- Installing: /home/isaac/roboracing_ws/src/roboracing-software/install/rr_iarrc/share/rr_iarrc/package.xml
[1.750s] Invoked command in '/home/isaac/roboracing_ws/src/roboracing-software/build/rr_iarrc' returned '0': CMAKE_PREFIX_PATH=/opt/ros/humble /usr/bin/cmake --install /home/isaac/roboracing_ws/src/roboracing-software/build/rr_iarrc
