[0.011s] Invoking command in '/home/nico/rr_ws/src/roboracing-software/rr_gazebo/build/rr_gazebo': /usr/bin/cmake /home/nico/rr_ws/src/roboracing-software/rr_gazebo -DCMAKE_INSTALL_PREFIX=/home/nico/rr_ws/src/roboracing-software/rr_gazebo/install/rr_gazebo
[0.068s] -- The C compiler identification is GNU 9.3.0
[0.119s] -- The CXX compiler identification is GNU 9.3.0
[0.124s] -- Check for working C compiler: /usr/bin/cc
[0.186s] -- Check for working C compiler: /usr/bin/cc -- works
[0.187s] -- Detecting C compiler ABI info
[0.249s] -- Detecting C compiler ABI info - done
[0.261s] -- Detecting C compile features
[0.261s] -- Detecting C compile features - done
[0.264s] -- Check for working CXX compiler: /usr/bin/c++
[0.337s] -- Check for working CXX compiler: /usr/bin/c++ -- works
[0.338s] -- Detecting CXX compiler ABI info
[0.412s] -- Detecting CXX compiler ABI info - done
[0.424s] -- Detecting CXX compile features
[0.424s] -- Detecting CXX compile features - done
[0.436s] CMake Error at CMakeLists.txt:4 (find_package):
[0.436s]   By not providing "Findament_cmake.cmake" in CMAKE_MODULE_PATH this project
[0.436s]   has asked CMake to find a package configuration file provided by
[0.436s]   "ament_cmake", but CMake did not find one.
[0.436s] 
[0.436s]   Could not find a package configuration file provided by "ament_cmake" with
[0.437s]   any of the following names:
[0.437s] 
[0.437s]     ament_cmakeConfig.cmake
[0.437s]     ament_cmake-config.cmake
[0.437s] 
[0.437s]   Add the installation prefix of "ament_cmake" to CMAKE_PREFIX_PATH or set
[0.437s]   "ament_cmake_DIR" to a directory containing one of the above files.  If
[0.437s]   "ament_cmake" provides a separate development package or SDK, be sure it
[0.437s]   has been installed.
[0.437s] 
[0.437s] 
[0.437s] -- Configuring incomplete, errors occurred!
[0.437s] See also "/home/nico/rr_ws/src/roboracing-software/rr_gazebo/build/rr_gazebo/CMakeFiles/CMakeOutput.log".
[0.439s] Invoked command in '/home/nico/rr_ws/src/roboracing-software/rr_gazebo/build/rr_gazebo' returned '1': /usr/bin/cmake /home/nico/rr_ws/src/roboracing-software/rr_gazebo -DCMAKE_INSTALL_PREFIX=/home/nico/rr_ws/src/roboracing-software/rr_gazebo/install/rr_gazebo
