Performing C SOURCE FILE Test CMAKE_HAVE_LIBC_PTHREAD failed with the following output:
Change Dir: /home/charlie/roboracing_ws/src/roboracing-software/rr_rviz_plugins/build/CMakeFiles/CMakeTmp

Run Build Command(s):/usr/bin/make cmTC_168cc/fast && /usr/bin/make -f CMakeFiles/cmTC_168cc.dir/build.make CMakeFiles/cmTC_168cc.dir/build
make[1]: Entering directory '/home/charlie/roboracing_ws/src/roboracing-software/rr_rviz_plugins/build/CMakeFiles/CMakeTmp'
Building C object CMakeFiles/cmTC_168cc.dir/src.c.o
/bin/x86_64-linux-gnu-gcc-9   -DCMAKE_HAVE_LIBC_PTHREAD   -o CMakeFiles/cmTC_168cc.dir/src.c.o   -c /home/charlie/roboracing_ws/src/roboracing-software/rr_rviz_plugins/build/CMakeFiles/CMakeTmp/src.c
Linking C executable cmTC_168cc
/usr/bin/cmake -E cmake_link_script CMakeFiles/cmTC_168cc.dir/link.txt --verbose=1
/bin/x86_64-linux-gnu-gcc-9  -DCMAKE_HAVE_LIBC_PTHREAD    CMakeFiles/cmTC_168cc.dir/src.c.o  -o cmTC_168cc 
/usr/bin/ld: CMakeFiles/cmTC_168cc.dir/src.c.o: in function `main':
src.c:(.text+0x46): undefined reference to `pthread_create'
/usr/bin/ld: src.c:(.text+0x52): undefined reference to `pthread_detach'
/usr/bin/ld: src.c:(.text+0x63): undefined reference to `pthread_join'
collect2: error: ld returned 1 exit status
make[1]: *** [CMakeFiles/cmTC_168cc.dir/build.make:87: cmTC_168cc] Error 1
make[1]: Leaving directory '/home/charlie/roboracing_ws/src/roboracing-software/rr_rviz_plugins/build/CMakeFiles/CMakeTmp'
make: *** [Makefile:121: cmTC_168cc/fast] Error 2


Source file was:
#include <pthread.h>

void* test_func(void* data)
{
  return data;
}

int main(void)
{
  pthread_t thread;
  pthread_create(&thread, NULL, test_func, NULL);
  pthread_detach(thread);
  pthread_join(thread, NULL);
  pthread_atfork(NULL, NULL, NULL);
  pthread_exit(NULL);

  return 0;
}

Determining if the function pthread_create exists in the pthreads failed with the following output:
Change Dir: /home/charlie/roboracing_ws/src/roboracing-software/rr_rviz_plugins/build/CMakeFiles/CMakeTmp

Run Build Command(s):/usr/bin/make cmTC_6907f/fast && /usr/bin/make -f CMakeFiles/cmTC_6907f.dir/build.make CMakeFiles/cmTC_6907f.dir/build
make[1]: Entering directory '/home/charlie/roboracing_ws/src/roboracing-software/rr_rviz_plugins/build/CMakeFiles/CMakeTmp'
Building C object CMakeFiles/cmTC_6907f.dir/CheckFunctionExists.c.o
/bin/x86_64-linux-gnu-gcc-9   -DCHECK_FUNCTION_EXISTS=pthread_create   -o CMakeFiles/cmTC_6907f.dir/CheckFunctionExists.c.o   -c /usr/share/cmake-3.16/Modules/CheckFunctionExists.c
Linking C executable cmTC_6907f
/usr/bin/cmake -E cmake_link_script CMakeFiles/cmTC_6907f.dir/link.txt --verbose=1
/bin/x86_64-linux-gnu-gcc-9  -DCHECK_FUNCTION_EXISTS=pthread_create    CMakeFiles/cmTC_6907f.dir/CheckFunctionExists.c.o  -o cmTC_6907f  -lpthreads 
/usr/bin/ld: cannot find -lpthreads
collect2: error: ld returned 1 exit status
make[1]: *** [CMakeFiles/cmTC_6907f.dir/build.make:87: cmTC_6907f] Error 1
make[1]: Leaving directory '/home/charlie/roboracing_ws/src/roboracing-software/rr_rviz_plugins/build/CMakeFiles/CMakeTmp'
make: *** [Makefile:121: cmTC_6907f/fast] Error 2



Performing C SOURCE FILE Test CMAKE_HAVE_LIBC_PTHREAD failed with the following output:
Change Dir: /home/charlie/roboracing_ws/src/roboracing-software/rr_rviz_plugins/build/CMakeFiles/CMakeTmp

Run Build Command(s):/usr/bin/make cmTC_e99f3/fast && /usr/bin/make -f CMakeFiles/cmTC_e99f3.dir/build.make CMakeFiles/cmTC_e99f3.dir/build
make[1]: Entering directory '/home/charlie/roboracing_ws/src/roboracing-software/rr_rviz_plugins/build/CMakeFiles/CMakeTmp'
Building C object CMakeFiles/cmTC_e99f3.dir/src.c.o
/bin/x86_64-linux-gnu-gcc-9   -DCMAKE_HAVE_LIBC_PTHREAD   -o CMakeFiles/cmTC_e99f3.dir/src.c.o   -c /home/charlie/roboracing_ws/src/roboracing-software/rr_rviz_plugins/build/CMakeFiles/CMakeTmp/src.c
Linking C executable cmTC_e99f3
/usr/bin/cmake -E cmake_link_script CMakeFiles/cmTC_e99f3.dir/link.txt --verbose=1
/bin/x86_64-linux-gnu-gcc-9  -DCMAKE_HAVE_LIBC_PTHREAD    CMakeFiles/cmTC_e99f3.dir/src.c.o  -o cmTC_e99f3 
/usr/bin/ld: CMakeFiles/cmTC_e99f3.dir/src.c.o: in function `main':
src.c:(.text+0x46): undefined reference to `pthread_create'
/usr/bin/ld: src.c:(.text+0x52): undefined reference to `pthread_detach'
/usr/bin/ld: src.c:(.text+0x63): undefined reference to `pthread_join'
collect2: error: ld returned 1 exit status
make[1]: *** [CMakeFiles/cmTC_e99f3.dir/build.make:87: cmTC_e99f3] Error 1
make[1]: Leaving directory '/home/charlie/roboracing_ws/src/roboracing-software/rr_rviz_plugins/build/CMakeFiles/CMakeTmp'
make: *** [Makefile:121: cmTC_e99f3/fast] Error 2


Source file was:
#include <pthread.h>

void* test_func(void* data)
{
  return data;
}

int main(void)
{
  pthread_t thread;
  pthread_create(&thread, NULL, test_func, NULL);
  pthread_detach(thread);
  pthread_join(thread, NULL);
  pthread_atfork(NULL, NULL, NULL);
  pthread_exit(NULL);

  return 0;
}

Determining if the function pthread_create exists in the pthreads failed with the following output:
Change Dir: /home/charlie/roboracing_ws/src/roboracing-software/rr_rviz_plugins/build/CMakeFiles/CMakeTmp

Run Build Command(s):/usr/bin/make cmTC_a82d0/fast && /usr/bin/make -f CMakeFiles/cmTC_a82d0.dir/build.make CMakeFiles/cmTC_a82d0.dir/build
make[1]: Entering directory '/home/charlie/roboracing_ws/src/roboracing-software/rr_rviz_plugins/build/CMakeFiles/CMakeTmp'
Building C object CMakeFiles/cmTC_a82d0.dir/CheckFunctionExists.c.o
/bin/x86_64-linux-gnu-gcc-9   -DCHECK_FUNCTION_EXISTS=pthread_create   -o CMakeFiles/cmTC_a82d0.dir/CheckFunctionExists.c.o   -c /usr/share/cmake-3.16/Modules/CheckFunctionExists.c
Linking C executable cmTC_a82d0
/usr/bin/cmake -E cmake_link_script CMakeFiles/cmTC_a82d0.dir/link.txt --verbose=1
/bin/x86_64-linux-gnu-gcc-9  -DCHECK_FUNCTION_EXISTS=pthread_create    CMakeFiles/cmTC_a82d0.dir/CheckFunctionExists.c.o  -o cmTC_a82d0  -lpthreads 
/usr/bin/ld: cannot find -lpthreads
collect2: error: ld returned 1 exit status
make[1]: *** [CMakeFiles/cmTC_a82d0.dir/build.make:87: cmTC_a82d0] Error 1
make[1]: Leaving directory '/home/charlie/roboracing_ws/src/roboracing-software/rr_rviz_plugins/build/CMakeFiles/CMakeTmp'
make: *** [Makefile:121: cmTC_a82d0/fast] Error 2



