[0.139s] DEBUG:colcon:Command line arguments: ['/usr/bin/colcon', 'build']
[0.139s] DEBUG:colcon:Parsed command line arguments: Namespace(allow_overriding=[], ament_cmake_args=None, base_paths=['.'], build_base='build', catkin_cmake_args=None, catkin_skip_building_tests=False, cmake_args=None, cmake_clean_cache=False, cmake_clean_first=False, cmake_force_configure=False, cmake_target=None, cmake_target_skip_unavailable=False, continue_on_error=False, event_handlers=None, executor='parallel', ignore_user_meta=False, install_base='install', log_base=None, log_level=None, main=<bound method BuildVerb.main of <colcon_core.verb.build.BuildVerb object at 0x7fcc577fa310>>, merge_install=False, metas=['./colcon.meta'], packages_above=None, packages_above_and_dependencies=None, packages_above_depth=None, packages_end=None, packages_ignore=None, packages_ignore_regex=None, packages_select=None, packages_select_build_failed=False, packages_select_by_dep=None, packages_select_regex=None, packages_select_test_failures=False, packages_skip=None, packages_skip_build_finished=False, packages_skip_by_dep=None, packages_skip_regex=None, packages_skip_test_passed=False, packages_skip_up_to=None, packages_start=None, packages_up_to=None, packages_up_to_regex=None, parallel_workers=4, paths=None, symlink_install=False, test_result_base=None, verb_extension=<colcon_core.verb.build.BuildVerb object at 0x7fcc577fa310>, verb_name='build', verb_parser=<colcon_defaults.argument_parser.defaults.DefaultArgumentsDecorator object at 0x7fcc577fa850>)
[0.144s] Level 1:colcon.colcon_core.package_discovery:discover_packages(colcon_meta) check parameters
[0.144s] Level 1:colcon.colcon_core.package_discovery:discover_packages(recursive) check parameters
[0.144s] Level 1:colcon.colcon_core.package_discovery:discover_packages(ignore) check parameters
[0.144s] Level 1:colcon.colcon_core.package_discovery:discover_packages(path) check parameters
[0.144s] Level 1:colcon.colcon_core.package_discovery:discover_packages(colcon_meta) discover
[0.144s] Level 1:colcon.colcon_core.package_discovery:discover_packages(recursive) discover
[0.144s] INFO:colcon.colcon_core.package_discovery:Crawling recursively for packages in '/home/nico/rr_ws/src/roboracing-software/rr_gazebo'
[0.144s] Level 1:colcon.colcon_core.package_identification:_identify(.) by extensions ['ignore', 'ignore_ament_install']
[0.144s] Level 1:colcon.colcon_core.package_identification:_identify(.) by extension 'ignore'
[0.144s] Level 1:colcon.colcon_core.package_identification:_identify(.) by extension 'ignore_ament_install'
[0.144s] Level 1:colcon.colcon_core.package_identification:_identify(.) by extensions ['colcon_pkg']
[0.145s] Level 1:colcon.colcon_core.package_identification:_identify(.) by extension 'colcon_pkg'
[0.145s] Level 1:colcon.colcon_core.package_identification:_identify(.) by extensions ['colcon_meta']
[0.145s] Level 1:colcon.colcon_core.package_identification:_identify(.) by extension 'colcon_meta'
[0.145s] Level 1:colcon.colcon_core.package_identification:_identify(.) by extensions ['ros']
[0.145s] Level 1:colcon.colcon_core.package_identification:_identify(.) by extension 'ros'
[0.158s] DEBUG:colcon.colcon_core.package_identification:Package '.' with type 'ros.ament_cmake' and name 'rr_gazebo'
[0.158s] Level 1:colcon.colcon_core.package_discovery:discover_packages(recursive) using defaults
[0.158s] Level 1:colcon.colcon_core.package_discovery:discover_packages(ignore) discover
[0.158s] Level 1:colcon.colcon_core.package_discovery:discover_packages(ignore) using defaults
[0.158s] Level 1:colcon.colcon_core.package_discovery:discover_packages(path) discover
[0.158s] Level 1:colcon.colcon_core.package_discovery:discover_packages(path) using defaults
[0.174s] Level 5:colcon.colcon_core.verb:set package 'rr_gazebo' build argument 'cmake_args' from command line to 'None'
[0.175s] Level 5:colcon.colcon_core.verb:set package 'rr_gazebo' build argument 'cmake_target' from command line to 'None'
[0.175s] Level 5:colcon.colcon_core.verb:set package 'rr_gazebo' build argument 'cmake_target_skip_unavailable' from command line to 'False'
[0.175s] Level 5:colcon.colcon_core.verb:set package 'rr_gazebo' build argument 'cmake_clean_cache' from command line to 'False'
[0.175s] Level 5:colcon.colcon_core.verb:set package 'rr_gazebo' build argument 'cmake_clean_first' from command line to 'False'
[0.175s] Level 5:colcon.colcon_core.verb:set package 'rr_gazebo' build argument 'cmake_force_configure' from command line to 'False'
[0.175s] Level 5:colcon.colcon_core.verb:set package 'rr_gazebo' build argument 'ament_cmake_args' from command line to 'None'
[0.175s] Level 5:colcon.colcon_core.verb:set package 'rr_gazebo' build argument 'catkin_cmake_args' from command line to 'None'
[0.175s] Level 5:colcon.colcon_core.verb:set package 'rr_gazebo' build argument 'catkin_skip_building_tests' from command line to 'False'
[0.175s] DEBUG:colcon.colcon_core.verb:Building package 'rr_gazebo' with the following arguments: {'ament_cmake_args': None, 'build_base': '/home/nico/rr_ws/src/roboracing-software/rr_gazebo/build/rr_gazebo', 'catkin_cmake_args': None, 'catkin_skip_building_tests': False, 'cmake_args': None, 'cmake_clean_cache': False, 'cmake_clean_first': False, 'cmake_force_configure': False, 'cmake_target': None, 'cmake_target_skip_unavailable': False, 'install_base': '/home/nico/rr_ws/src/roboracing-software/rr_gazebo/install/rr_gazebo', 'merge_install': False, 'path': '/home/nico/rr_ws/src/roboracing-software/rr_gazebo', 'symlink_install': False, 'test_result_base': None}
[0.176s] INFO:colcon.colcon_core.executor:Executing jobs using 'parallel' executor
[0.178s] DEBUG:colcon.colcon_parallel_executor.executor.parallel:run_until_complete
[0.178s] INFO:colcon.colcon_ros.task.ament_cmake.build:Building ROS package in '/home/nico/rr_ws/src/roboracing-software/rr_gazebo' with build type 'ament_cmake'
[0.178s] INFO:colcon.colcon_cmake.task.cmake.build:Building CMake package in '/home/nico/rr_ws/src/roboracing-software/rr_gazebo'
[0.182s] INFO:colcon.colcon_core.plugin_system:Skipping extension 'colcon_core.shell.bat': Not used on non-Windows systems
[0.182s] INFO:colcon.colcon_core.shell:Skip shell extension 'powershell' for command environment: Not usable outside of PowerShell
[0.182s] DEBUG:colcon.colcon_core.shell:Skip shell extension 'dsv' for command environment
[0.190s] DEBUG:colcon.colcon_core.event_handler.log_command:Invoking command in '/home/nico/rr_ws/src/roboracing-software/rr_gazebo/build/rr_gazebo': /usr/bin/cmake /home/nico/rr_ws/src/roboracing-software/rr_gazebo -DCMAKE_INSTALL_PREFIX=/home/nico/rr_ws/src/roboracing-software/rr_gazebo/install/rr_gazebo
[0.618s] DEBUG:colcon.colcon_core.event_handler.log_command:Invoked command in '/home/nico/rr_ws/src/roboracing-software/rr_gazebo/build/rr_gazebo' returned '1': /usr/bin/cmake /home/nico/rr_ws/src/roboracing-software/rr_gazebo -DCMAKE_INSTALL_PREFIX=/home/nico/rr_ws/src/roboracing-software/rr_gazebo/install/rr_gazebo
[0.629s] Level 1:colcon.colcon_core.environment:create_environment_scripts_only(rr_gazebo)
[0.633s] Level 1:colcon.colcon_core.environment:checking '/home/nico/rr_ws/src/roboracing-software/rr_gazebo/install/rr_gazebo' for CMake module files
[0.634s] Level 1:colcon.colcon_core.environment:checking '/home/nico/rr_ws/src/roboracing-software/rr_gazebo/install/rr_gazebo' for CMake config files
[0.634s] Level 1:colcon.colcon_core.environment:checking '/home/nico/rr_ws/src/roboracing-software/rr_gazebo/install/rr_gazebo/bin'
[0.634s] Level 1:colcon.colcon_core.environment:checking '/home/nico/rr_ws/src/roboracing-software/rr_gazebo/install/rr_gazebo/lib/pkgconfig/rr_gazebo.pc'
[0.634s] Level 1:colcon.colcon_core.environment:checking '/home/nico/rr_ws/src/roboracing-software/rr_gazebo/install/rr_gazebo/lib/python3.8/site-packages'
[0.635s] INFO:colcon.colcon_core.shell:Creating package script '/home/nico/rr_ws/src/roboracing-software/rr_gazebo/install/rr_gazebo/share/rr_gazebo/package.ps1'
[0.636s] INFO:colcon.colcon_core.shell:Creating package descriptor '/home/nico/rr_ws/src/roboracing-software/rr_gazebo/install/rr_gazebo/share/rr_gazebo/package.dsv'
[0.636s] INFO:colcon.colcon_core.shell:Creating package script '/home/nico/rr_ws/src/roboracing-software/rr_gazebo/install/rr_gazebo/share/rr_gazebo/package.sh'
[0.637s] INFO:colcon.colcon_core.shell:Creating package script '/home/nico/rr_ws/src/roboracing-software/rr_gazebo/install/rr_gazebo/share/rr_gazebo/package.bash'
[0.637s] INFO:colcon.colcon_core.shell:Creating package script '/home/nico/rr_ws/src/roboracing-software/rr_gazebo/install/rr_gazebo/share/rr_gazebo/package.zsh'
[0.638s] Level 1:colcon.colcon_core.environment:create_file_with_runtime_dependencies(/home/nico/rr_ws/src/roboracing-software/rr_gazebo/install/rr_gazebo/share/colcon-core/packages/rr_gazebo)
[0.648s] DEBUG:colcon.colcon_parallel_executor.executor.parallel:closing loop
[0.648s] DEBUG:colcon.colcon_parallel_executor.executor.parallel:loop closed
[0.649s] DEBUG:colcon.colcon_parallel_executor.executor.parallel:run_until_complete finished with '1'
[0.649s] DEBUG:colcon.colcon_core.event_reactor:joining thread
[0.655s] INFO:colcon.colcon_core.plugin_system:Skipping extension 'colcon_notification.desktop_notification.terminal_notifier': Not used on non-Darwin systems
[0.655s] INFO:colcon.colcon_core.plugin_system:Skipping extension 'colcon_notification.desktop_notification.win32': Not used on non-Windows systems
[0.655s] INFO:colcon.colcon_notification.desktop_notification:Sending desktop notification using 'notify2'
[0.667s] DEBUG:colcon.colcon_core.event_reactor:joined thread
[0.668s] INFO:colcon.colcon_core.shell:Creating prefix script '/home/nico/rr_ws/src/roboracing-software/rr_gazebo/install/local_setup.ps1'
[0.668s] INFO:colcon.colcon_core.shell:Creating prefix util module '/home/nico/rr_ws/src/roboracing-software/rr_gazebo/install/_local_setup_util_ps1.py'
[0.670s] INFO:colcon.colcon_core.shell:Creating prefix chain script '/home/nico/rr_ws/src/roboracing-software/rr_gazebo/install/setup.ps1'
[0.670s] INFO:colcon.colcon_core.shell:Creating prefix script '/home/nico/rr_ws/src/roboracing-software/rr_gazebo/install/local_setup.sh'
[0.671s] INFO:colcon.colcon_core.shell:Creating prefix util module '/home/nico/rr_ws/src/roboracing-software/rr_gazebo/install/_local_setup_util_sh.py'
[0.671s] INFO:colcon.colcon_core.shell:Creating prefix chain script '/home/nico/rr_ws/src/roboracing-software/rr_gazebo/install/setup.sh'
[0.672s] INFO:colcon.colcon_core.shell:Creating prefix script '/home/nico/rr_ws/src/roboracing-software/rr_gazebo/install/local_setup.bash'
[0.673s] INFO:colcon.colcon_core.shell:Creating prefix chain script '/home/nico/rr_ws/src/roboracing-software/rr_gazebo/install/setup.bash'
[0.674s] INFO:colcon.colcon_core.shell:Creating prefix script '/home/nico/rr_ws/src/roboracing-software/rr_gazebo/install/local_setup.zsh'
[0.674s] INFO:colcon.colcon_core.shell:Creating prefix chain script '/home/nico/rr_ws/src/roboracing-software/rr_gazebo/install/setup.zsh'
