[0.038s] Invoking command in '/home/isaac/roboracing_ws/src/roboracing-software/build/rr_rviz_plugins': CMAKE_PREFIX_PATH=/opt/ros/humble /usr/bin/cmake /home/isaac/roboracing_ws/src/roboracing-software/rr_rviz_plugins -DCMAKE_INSTALL_PREFIX=/home/isaac/roboracing_ws/src/roboracing-software/install/rr_rviz_plugins
[0.136s] -- The C compiler identification is GNU 11.2.0
[0.262s] -- The CXX compiler identification is GNU 11.2.0
[0.286s] -- Detecting C compiler ABI info
[0.429s] -- Detecting C compiler ABI info - done
[0.454s] -- Check for working C compiler: /usr/bin/cc - skipped
[0.455s] -- Detecting C compile features
[0.455s] -- Detecting C compile features - done
[0.457s] -- Detecting CXX compiler ABI info
[0.650s] -- Detecting CXX compiler ABI info - done
[0.676s] -- Check for working CXX compiler: /usr/bin/c++ - skipped
[0.677s] -- Detecting CXX compile features
[0.678s] -- Detecting CXX compile features - done
[0.683s] -- Found ament_cmake: 1.3.2 (/opt/ros/humble/share/ament_cmake/cmake)
[1.062s] -- Found Python3: /usr/bin/python3.10 (found version "3.10.6") found components: Interpreter 
[1.275s] -- Found ament_lint_auto: 0.12.4 (/opt/ros/humble/share/ament_lint_auto/cmake)
[1.465s] -- Added test 'copyright' to check source files copyright and LICENSE
[1.468s] -- Added test 'lint_cmake' to check CMake code style
[1.469s] -- Added test 'xmllint' to check XML markup files
[1.472s] -- Configuring done
[1.478s] -- Generating done
[1.484s] -- Build files have been written to: /home/isaac/roboracing_ws/src/roboracing-software/build/rr_rviz_plugins
[1.498s] Invoked command in '/home/isaac/roboracing_ws/src/roboracing-software/build/rr_rviz_plugins' returned '0': CMAKE_PREFIX_PATH=/opt/ros/humble /usr/bin/cmake /home/isaac/roboracing_ws/src/roboracing-software/rr_rviz_plugins -DCMAKE_INSTALL_PREFIX=/home/isaac/roboracing_ws/src/roboracing-software/install/rr_rviz_plugins
[1.503s] Invoking command in '/home/isaac/roboracing_ws/src/roboracing-software/build/rr_rviz_plugins': CMAKE_PREFIX_PATH=/opt/ros/humble /usr/bin/cmake --build /home/isaac/roboracing_ws/src/roboracing-software/build/rr_rviz_plugins -- -j8 -l8
[1.634s] Invoked command in '/home/isaac/roboracing_ws/src/roboracing-software/build/rr_rviz_plugins' returned '0': CMAKE_PREFIX_PATH=/opt/ros/humble /usr/bin/cmake --build /home/isaac/roboracing_ws/src/roboracing-software/build/rr_rviz_plugins -- -j8 -l8
[1.768s] Invoking command in '/home/isaac/roboracing_ws/src/roboracing-software/build/rr_rviz_plugins': CMAKE_PREFIX_PATH=/opt/ros/humble /usr/bin/cmake --install /home/isaac/roboracing_ws/src/roboracing-software/build/rr_rviz_plugins
[1.784s] -- Install configuration: ""
[1.785s] -- Installing: /home/isaac/roboracing_ws/src/roboracing-software/install/rr_rviz_plugins/share/ament_index/resource_index/package_run_dependencies/rr_rviz_plugins
[1.786s] -- Installing: /home/isaac/roboracing_ws/src/roboracing-software/install/rr_rviz_plugins/share/ament_index/resource_index/parent_prefix_path/rr_rviz_plugins
[1.788s] -- Installing: /home/isaac/roboracing_ws/src/roboracing-software/install/rr_rviz_plugins/share/rr_rviz_plugins/environment/ament_prefix_path.sh
[1.788s] -- Installing: /home/isaac/roboracing_ws/src/roboracing-software/install/rr_rviz_plugins/share/rr_rviz_plugins/environment/ament_prefix_path.dsv
[1.788s] -- Installing: /home/isaac/roboracing_ws/src/roboracing-software/install/rr_rviz_plugins/share/rr_rviz_plugins/environment/path.sh
[1.789s] -- Installing: /home/isaac/roboracing_ws/src/roboracing-software/install/rr_rviz_plugins/share/rr_rviz_plugins/environment/path.dsv
[1.789s] -- Installing: /home/isaac/roboracing_ws/src/roboracing-software/install/rr_rviz_plugins/share/rr_rviz_plugins/local_setup.bash
[1.789s] -- Installing: /home/isaac/roboracing_ws/src/roboracing-software/install/rr_rviz_plugins/share/rr_rviz_plugins/local_setup.sh
[1.790s] -- Installing: /home/isaac/roboracing_ws/src/roboracing-software/install/rr_rviz_plugins/share/rr_rviz_plugins/local_setup.zsh
[1.790s] -- Installing: /home/isaac/roboracing_ws/src/roboracing-software/install/rr_rviz_plugins/share/rr_rviz_plugins/local_setup.dsv
[1.791s] -- Installing: /home/isaac/roboracing_ws/src/roboracing-software/install/rr_rviz_plugins/share/rr_rviz_plugins/package.dsv
[1.791s] -- Installing: /home/isaac/roboracing_ws/src/roboracing-software/install/rr_rviz_plugins/share/ament_index/resource_index/packages/rr_rviz_plugins
[1.792s] -- Installing: /home/isaac/roboracing_ws/src/roboracing-software/install/rr_rviz_plugins/share/rr_rviz_plugins/cmake/rr_rviz_pluginsConfig.cmake
[1.792s] -- Installing: /home/isaac/roboracing_ws/src/roboracing-software/install/rr_rviz_plugins/share/rr_rviz_plugins/cmake/rr_rviz_pluginsConfig-version.cmake
[1.792s] -- Installing: /home/isaac/roboracing_ws/src/roboracing-software/install/rr_rviz_plugins/share/rr_rviz_plugins/package.xml
[1.801s] Invoked command in '/home/isaac/roboracing_ws/src/roboracing-software/build/rr_rviz_plugins' returned '0': CMAKE_PREFIX_PATH=/opt/ros/humble /usr/bin/cmake --install /home/isaac/roboracing_ws/src/roboracing-software/build/rr_rviz_plugins
