[0.043s] Invoking command in '/home/isaac/roboracing_ws/src/roboracing-software/build/rr_evgp': CMAKE_PREFIX_PATH=/opt/ros/humble /usr/bin/cmake /home/isaac/roboracing_ws/src/roboracing-software/rr_evgp -DCMAKE_INSTALL_PREFIX=/home/isaac/roboracing_ws/src/roboracing-software/install/rr_evgp
[0.152s] -- The C compiler identification is GNU 11.2.0
[0.261s] -- The CXX compiler identification is GNU 11.2.0
[0.275s] -- Detecting C compiler ABI info
[0.422s] -- Detecting C compiler ABI info - done
[0.446s] -- Check for working C compiler: /usr/bin/cc - skipped
[0.446s] -- Detecting C compile features
[0.447s] -- Detecting C compile features - done
[0.454s] -- Detecting CXX compiler ABI info
[0.624s] -- Detecting CXX compiler ABI info - done
[0.650s] -- Check for working CXX compiler: /usr/bin/c++ - skipped
[0.650s] -- Detecting CXX compile features
[0.652s] -- Detecting CXX compile features - done
[0.657s] -- Found ament_cmake: 1.3.2 (/opt/ros/humble/share/ament_cmake/cmake)
[1.053s] -- Found Python3: /usr/bin/python3.10 (found version "3.10.6") found components: Interpreter 
[1.269s] -- Found ament_lint_auto: 0.12.4 (/opt/ros/humble/share/ament_lint_auto/cmake)
[1.469s] -- Added test 'copyright' to check source files copyright and LICENSE
[1.471s] -- Added test 'lint_cmake' to check CMake code style
[1.473s] -- Added test 'xmllint' to check XML markup files
[1.476s] -- Configuring done
[1.483s] -- Generating done
[1.485s] -- Build files have been written to: /home/isaac/roboracing_ws/src/roboracing-software/build/rr_evgp
[1.494s] Invoked command in '/home/isaac/roboracing_ws/src/roboracing-software/build/rr_evgp' returned '0': CMAKE_PREFIX_PATH=/opt/ros/humble /usr/bin/cmake /home/isaac/roboracing_ws/src/roboracing-software/rr_evgp -DCMAKE_INSTALL_PREFIX=/home/isaac/roboracing_ws/src/roboracing-software/install/rr_evgp
[1.499s] Invoking command in '/home/isaac/roboracing_ws/src/roboracing-software/build/rr_evgp': CMAKE_PREFIX_PATH=/opt/ros/humble /usr/bin/cmake --build /home/isaac/roboracing_ws/src/roboracing-software/build/rr_evgp -- -j8 -l8
[1.579s] Invoked command in '/home/isaac/roboracing_ws/src/roboracing-software/build/rr_evgp' returned '0': CMAKE_PREFIX_PATH=/opt/ros/humble /usr/bin/cmake --build /home/isaac/roboracing_ws/src/roboracing-software/build/rr_evgp -- -j8 -l8
[1.645s] Invoking command in '/home/isaac/roboracing_ws/src/roboracing-software/build/rr_evgp': CMAKE_PREFIX_PATH=/opt/ros/humble /usr/bin/cmake --install /home/isaac/roboracing_ws/src/roboracing-software/build/rr_evgp
[1.662s] -- Install configuration: ""
[1.663s] -- Installing: /home/isaac/roboracing_ws/src/roboracing-software/install/rr_evgp/share/ament_index/resource_index/package_run_dependencies/rr_evgp
[1.663s] -- Installing: /home/isaac/roboracing_ws/src/roboracing-software/install/rr_evgp/share/ament_index/resource_index/parent_prefix_path/rr_evgp
[1.663s] -- Installing: /home/isaac/roboracing_ws/src/roboracing-software/install/rr_evgp/share/rr_evgp/environment/ament_prefix_path.sh
[1.663s] -- Installing: /home/isaac/roboracing_ws/src/roboracing-software/install/rr_evgp/share/rr_evgp/environment/ament_prefix_path.dsv
[1.663s] -- Installing: /home/isaac/roboracing_ws/src/roboracing-software/install/rr_evgp/share/rr_evgp/environment/path.sh
[1.663s] -- Installing: /home/isaac/roboracing_ws/src/roboracing-software/install/rr_evgp/share/rr_evgp/environment/path.dsv
[1.664s] -- Installing: /home/isaac/roboracing_ws/src/roboracing-software/install/rr_evgp/share/rr_evgp/local_setup.bash
[1.664s] -- Installing: /home/isaac/roboracing_ws/src/roboracing-software/install/rr_evgp/share/rr_evgp/local_setup.sh
[1.664s] -- Installing: /home/isaac/roboracing_ws/src/roboracing-software/install/rr_evgp/share/rr_evgp/local_setup.zsh
[1.664s] -- Installing: /home/isaac/roboracing_ws/src/roboracing-software/install/rr_evgp/share/rr_evgp/local_setup.dsv
[1.665s] -- Installing: /home/isaac/roboracing_ws/src/roboracing-software/install/rr_evgp/share/rr_evgp/package.dsv
[1.665s] -- Installing: /home/isaac/roboracing_ws/src/roboracing-software/install/rr_evgp/share/ament_index/resource_index/packages/rr_evgp
[1.665s] -- Installing: /home/isaac/roboracing_ws/src/roboracing-software/install/rr_evgp/share/rr_evgp/cmake/rr_evgpConfig.cmake
[1.665s] -- Installing: /home/isaac/roboracing_ws/src/roboracing-software/install/rr_evgp/share/rr_evgp/cmake/rr_evgpConfig-version.cmake
[1.665s] -- Installing: /home/isaac/roboracing_ws/src/roboracing-software/install/rr_evgp/share/rr_evgp/package.xml
[1.673s] Invoked command in '/home/isaac/roboracing_ws/src/roboracing-software/build/rr_evgp' returned '0': CMAKE_PREFIX_PATH=/opt/ros/humble /usr/bin/cmake --install /home/isaac/roboracing_ws/src/roboracing-software/build/rr_evgp
