-- The C compiler identification is GNU 11.2.0
-- The CXX compiler identification is GNU 11.2.0
-- Detecting C compiler ABI info
-- Detecting C compiler ABI info - done
-- Check for working C compiler: /usr/bin/cc - skipped
-- Detecting C compile features
-- Detecting C compile features - done
-- Detecting CXX compiler ABI info
-- Detecting CXX compiler ABI info - done
-- Check for working CXX compiler: /usr/bin/c++ - skipped
-- Detecting CXX compile features
-- Detecting CXX compile features - done
-- Found xacro: 2.0.7 (/opt/ros/humble/share/xacro/cmake)
-- Found ament_cmake: 1.3.2 (/opt/ros/humble/share/ament_cmake/cmake)
-- Found Python3: /usr/bin/python3.10 (found version "3.10.6") found components: Interpreter 
-- Found velodyne_description: 2.0.2 (/opt/ros/humble/share/velodyne_description/cmake)
-- xacro: determining deps for: urdf/evgp.urdf.xacro ...
-- xacro: determining deps for: urdf/opponents/evgp_opponent_0.urdf.xacro ...
-- xacro: determining deps for: urdf/opponents/evgp_opponent_1.urdf.xacro ...
-- xacro: determining deps for: urdf/opponents/evgp_opponent_2.urdf.xacro ...
-- xacro: determining deps for: urdf/opponents/evgp_opponent_3.urdf.xacro ...
-- xacro: determining deps for: urdf/opponents/evgp_opponent_4.urdf.xacro ...
-- xacro: determining deps for: urdf/rigatoni.urdf.xacro ...
-- Configuring incomplete, errors occurred!
See also "/home/isaac/roboracing_ws/src/roboracing-software/build/rr_description/CMakeFiles/CMakeOutput.log".
