-- The C compiler identification is GNU 11.2.0
-- The CXX compiler identification is GNU 11.2.0
-- Detecting C compiler ABI info
-- Detecting C compiler ABI info - done
-- Check for working C compiler: /usr/bin/cc - skipped
-- Detecting C compile features
-- Detecting C compile features - done
-- Detecting CXX compiler ABI info
-- Detecting CXX compiler ABI info - done
-- Check for working CXX compiler: /usr/bin/c++ - skipped
-- Detecting CXX compile features
-- Detecting CXX compile features - done
-- Found ament_cmake: 1.3.2 (/opt/ros/humble/share/ament_cmake/cmake)
-- Found Python3: /usr/bin/python3.10 (found version "3.10.6") found components: Interpreter 
-- Found ament_lint_auto: 0.12.4 (/opt/ros/humble/share/ament_lint_auto/cmake)
-- Added test 'copyright' to check source files copyright and LICENSE
-- Added test 'cppcheck' to perform static code analysis on C / C++ code
-- Configured cppcheck include dirs: 
-- Configured cppcheck exclude dirs and/or files: 
-- Added test 'cpplint' to check C / C++ code against the Google style
-- Configured cpplint exclude dirs and/or files: 
-- Added test 'lint_cmake' to check CMake code style
-- Added test 'uncrustify' to check C / C++ code style
-- Configured uncrustify additional arguments: 
-- Added test 'xmllint' to check XML markup files
-- Configuring done
-- Generating done
-- Build files have been written to: /home/isaac/roboracing_ws/src/roboracing-software/build/rr_demo
[ 50%] [32mBuilding CXX object CMakeFiles/rr_demo.dir/src/driver.cpp.o[0m
[100%] [32m[1mLinking CXX shared library librr_demo.so[0m
[100%] Built target rr_demo
-- Install configuration: ""
-- Installing: /home/isaac/roboracing_ws/src/roboracing-software/install/rr_demo/share/ament_index/resource_index/package_run_dependencies/rr_demo
-- Installing: /home/isaac/roboracing_ws/src/roboracing-software/install/rr_demo/share/ament_index/resource_index/parent_prefix_path/rr_demo
-- Installing: /home/isaac/roboracing_ws/src/roboracing-software/install/rr_demo/share/rr_demo/environment/ament_prefix_path.sh
-- Installing: /home/isaac/roboracing_ws/src/roboracing-software/install/rr_demo/share/rr_demo/environment/ament_prefix_path.dsv
-- Installing: /home/isaac/roboracing_ws/src/roboracing-software/install/rr_demo/share/rr_demo/environment/path.sh
-- Installing: /home/isaac/roboracing_ws/src/roboracing-software/install/rr_demo/share/rr_demo/environment/path.dsv
-- Installing: /home/isaac/roboracing_ws/src/roboracing-software/install/rr_demo/share/rr_demo/local_setup.bash
-- Installing: /home/isaac/roboracing_ws/src/roboracing-software/install/rr_demo/share/rr_demo/local_setup.sh
-- Installing: /home/isaac/roboracing_ws/src/roboracing-software/install/rr_demo/share/rr_demo/local_setup.zsh
-- Installing: /home/isaac/roboracing_ws/src/roboracing-software/install/rr_demo/share/rr_demo/local_setup.dsv
-- Installing: /home/isaac/roboracing_ws/src/roboracing-software/install/rr_demo/share/rr_demo/package.dsv
-- Installing: /home/isaac/roboracing_ws/src/roboracing-software/install/rr_demo/share/ament_index/resource_index/packages/rr_demo
-- Installing: /home/isaac/roboracing_ws/src/roboracing-software/install/rr_demo/share/rr_demo/cmake/rr_demoConfig.cmake
-- Installing: /home/isaac/roboracing_ws/src/roboracing-software/install/rr_demo/share/rr_demo/cmake/rr_demoConfig-version.cmake
-- Installing: /home/isaac/roboracing_ws/src/roboracing-software/install/rr_demo/share/rr_demo/package.xml
