[0.047s] Invoking command in '/home/isaac/roboracing_ws/src/roboracing-software/build/rr_demo': CMAKE_PREFIX_PATH=/opt/ros/humble /usr/bin/cmake /home/isaac/roboracing_ws/src/roboracing-software/rr_demo -DCMAKE_INSTALL_PREFIX=/home/isaac/roboracing_ws/src/roboracing-software/install/rr_demo
[0.166s] -- The C compiler identification is GNU 11.2.0
[0.289s] -- The CXX compiler identification is GNU 11.2.0
[0.311s] -- Detecting C compiler ABI info
[0.455s] -- Detecting C compiler ABI info - done
[0.469s] -- Check for working C compiler: /usr/bin/cc - skipped
[0.470s] -- Detecting C compile features
[0.471s] -- Detecting C compile features - done
[0.485s] -- Detecting CXX compiler ABI info
[0.656s] -- Detecting CXX compiler ABI info - done
[0.682s] -- Check for working CXX compiler: /usr/bin/c++ - skipped
[0.683s] -- Detecting CXX compile features
[0.684s] -- Detecting CXX compile features - done
[0.689s] -- Found ament_cmake: 1.3.2 (/opt/ros/humble/share/ament_cmake/cmake)
[1.078s] -- Found Python3: /usr/bin/python3.10 (found version "3.10.6") found components: Interpreter 
[1.287s] -- Found ament_lint_auto: 0.12.4 (/opt/ros/humble/share/ament_lint_auto/cmake)
[1.479s] -- Added test 'copyright' to check source files copyright and LICENSE
[1.482s] -- Added test 'cppcheck' to perform static code analysis on C / C++ code
[1.482s] -- Configured cppcheck include dirs: 
[1.482s] -- Configured cppcheck exclude dirs and/or files: 
[1.484s] -- Added test 'cpplint' to check C / C++ code against the Google style
[1.484s] -- Configured cpplint exclude dirs and/or files: 
[1.485s] -- Added test 'lint_cmake' to check CMake code style
[1.487s] -- Added test 'uncrustify' to check C / C++ code style
[1.487s] -- Configured uncrustify additional arguments: 
[1.488s] -- Added test 'xmllint' to check XML markup files
[1.491s] -- Configuring done
[1.501s] -- Generating done
[1.504s] -- Build files have been written to: /home/isaac/roboracing_ws/src/roboracing-software/build/rr_demo
[1.523s] Invoked command in '/home/isaac/roboracing_ws/src/roboracing-software/build/rr_demo' returned '0': CMAKE_PREFIX_PATH=/opt/ros/humble /usr/bin/cmake /home/isaac/roboracing_ws/src/roboracing-software/rr_demo -DCMAKE_INSTALL_PREFIX=/home/isaac/roboracing_ws/src/roboracing-software/install/rr_demo
[1.525s] Invoking command in '/home/isaac/roboracing_ws/src/roboracing-software/build/rr_demo': CMAKE_PREFIX_PATH=/opt/ros/humble /usr/bin/cmake --build /home/isaac/roboracing_ws/src/roboracing-software/build/rr_demo -- -j8 -l8
[1.640s] [ 50%] [32mBuilding CXX object CMakeFiles/rr_demo.dir/src/driver.cpp.o[0m
[1.744s] [100%] [32m[1mLinking CXX shared library librr_demo.so[0m
[1.817s] [100%] Built target rr_demo
[1.851s] Invoked command in '/home/isaac/roboracing_ws/src/roboracing-software/build/rr_demo' returned '0': CMAKE_PREFIX_PATH=/opt/ros/humble /usr/bin/cmake --build /home/isaac/roboracing_ws/src/roboracing-software/build/rr_demo -- -j8 -l8
[1.935s] Invoking command in '/home/isaac/roboracing_ws/src/roboracing-software/build/rr_demo': CMAKE_PREFIX_PATH=/opt/ros/humble /usr/bin/cmake --install /home/isaac/roboracing_ws/src/roboracing-software/build/rr_demo
[1.944s] -- Install configuration: ""
[1.945s] -- Installing: /home/isaac/roboracing_ws/src/roboracing-software/install/rr_demo/share/ament_index/resource_index/package_run_dependencies/rr_demo
[1.945s] -- Installing: /home/isaac/roboracing_ws/src/roboracing-software/install/rr_demo/share/ament_index/resource_index/parent_prefix_path/rr_demo
[1.945s] -- Installing: /home/isaac/roboracing_ws/src/roboracing-software/install/rr_demo/share/rr_demo/environment/ament_prefix_path.sh
[1.945s] -- Installing: /home/isaac/roboracing_ws/src/roboracing-software/install/rr_demo/share/rr_demo/environment/ament_prefix_path.dsv
[1.946s] -- Installing: /home/isaac/roboracing_ws/src/roboracing-software/install/rr_demo/share/rr_demo/environment/path.sh
[1.946s] -- Installing: /home/isaac/roboracing_ws/src/roboracing-software/install/rr_demo/share/rr_demo/environment/path.dsv
[1.946s] -- Installing: /home/isaac/roboracing_ws/src/roboracing-software/install/rr_demo/share/rr_demo/local_setup.bash
[1.947s] -- Installing: /home/isaac/roboracing_ws/src/roboracing-software/install/rr_demo/share/rr_demo/local_setup.sh
[1.947s] -- Installing: /home/isaac/roboracing_ws/src/roboracing-software/install/rr_demo/share/rr_demo/local_setup.zsh
[1.947s] -- Installing: /home/isaac/roboracing_ws/src/roboracing-software/install/rr_demo/share/rr_demo/local_setup.dsv
[1.948s] -- Installing: /home/isaac/roboracing_ws/src/roboracing-software/install/rr_demo/share/rr_demo/package.dsv
[1.948s] -- Installing: /home/isaac/roboracing_ws/src/roboracing-software/install/rr_demo/share/ament_index/resource_index/packages/rr_demo
[1.948s] -- Installing: /home/isaac/roboracing_ws/src/roboracing-software/install/rr_demo/share/rr_demo/cmake/rr_demoConfig.cmake
[1.948s] -- Installing: /home/isaac/roboracing_ws/src/roboracing-software/install/rr_demo/share/rr_demo/cmake/rr_demoConfig-version.cmake
[1.949s] -- Installing: /home/isaac/roboracing_ws/src/roboracing-software/install/rr_demo/share/rr_demo/package.xml
[1.955s] Invoked command in '/home/isaac/roboracing_ws/src/roboracing-software/build/rr_demo' returned '0': CMAKE_PREFIX_PATH=/opt/ros/humble /usr/bin/cmake --install /home/isaac/roboracing_ws/src/roboracing-software/build/rr_demo
