[0.388s] DEBUG:colcon:Command line arguments: ['/usr/bin/colcon', 'build']
[0.389s] DEBUG:colcon:Parsed command line arguments: Namespace(allow_overriding=[], ament_cmake_args=None, base_paths=['.'], build_base='build', catkin_cmake_args=None, catkin_skip_building_tests=False, cmake_args=None, cmake_clean_cache=False, cmake_clean_first=False, cmake_force_configure=False, cmake_target=None, cmake_target_skip_unavailable=False, continue_on_error=False, event_handlers=None, executor='parallel', ignore_user_meta=False, install_base='install', log_base=None, log_level=None, main=<bound method BuildVerb.main of <colcon_core.verb.build.BuildVerb object at 0x7f4ef9b2f730>>, merge_install=False, metas=['./colcon.meta'], packages_above=None, packages_above_and_dependencies=None, packages_above_depth=None, packages_end=None, packages_ignore=None, packages_ignore_regex=None, packages_select=None, packages_select_build_failed=False, packages_select_by_dep=None, packages_select_regex=None, packages_select_test_failures=False, packages_skip=None, packages_skip_build_finished=False, packages_skip_by_dep=None, packages_skip_regex=None, packages_skip_test_passed=False, packages_skip_up_to=None, packages_start=None, packages_up_to=None, packages_up_to_regex=None, parallel_workers=4, paths=None, symlink_install=False, test_result_base=None, verb_extension=<colcon_core.verb.build.BuildVerb object at 0x7f4ef9b2f730>, verb_name='build', verb_parser=<colcon_defaults.argument_parser.defaults.DefaultArgumentsDecorator object at 0x7f4ef9b2fca0>)
[0.406s] Level 1:colcon.colcon_core.package_discovery:discover_packages(colcon_meta) check parameters
[0.407s] Level 1:colcon.colcon_core.package_discovery:discover_packages(recursive) check parameters
[0.407s] Level 1:colcon.colcon_core.package_discovery:discover_packages(ignore) check parameters
[0.407s] Level 1:colcon.colcon_core.package_discovery:discover_packages(path) check parameters
[0.407s] Level 1:colcon.colcon_core.package_discovery:discover_packages(colcon_meta) discover
[0.407s] Level 1:colcon.colcon_core.package_discovery:discover_packages(recursive) discover
[0.407s] INFO:colcon.colcon_core.package_discovery:Crawling recursively for packages in '/home/szl/roboracing_ws/src/roboracing-software/rr_rviz_plugins'
[0.412s] Level 1:colcon.colcon_core.package_identification:_identify(.) by extensions ['ignore', 'ignore_ament_install']
[0.412s] Level 1:colcon.colcon_core.package_identification:_identify(.) by extension 'ignore'
[0.412s] Level 1:colcon.colcon_core.package_identification:_identify(.) by extension 'ignore_ament_install'
[0.412s] Level 1:colcon.colcon_core.package_identification:_identify(.) by extensions ['colcon_pkg']
[0.412s] Level 1:colcon.colcon_core.package_identification:_identify(.) by extension 'colcon_pkg'
[0.412s] Level 1:colcon.colcon_core.package_identification:_identify(.) by extensions ['colcon_meta']
[0.412s] Level 1:colcon.colcon_core.package_identification:_identify(.) by extension 'colcon_meta'
[0.413s] Level 1:colcon.colcon_core.package_identification:_identify(.) by extensions ['ros']
[0.413s] Level 1:colcon.colcon_core.package_identification:_identify(.) by extension 'ros'
[0.457s] DEBUG:colcon.colcon_core.package_identification:Package '.' with type 'ros.ament_cmake' and name 'rr_rviz_plugins'
[0.457s] Level 1:colcon.colcon_core.package_discovery:discover_packages(recursive) using defaults
[0.457s] Level 1:colcon.colcon_core.package_discovery:discover_packages(ignore) discover
[0.457s] Level 1:colcon.colcon_core.package_discovery:discover_packages(ignore) using defaults
[0.457s] Level 1:colcon.colcon_core.package_discovery:discover_packages(path) discover
[0.457s] Level 1:colcon.colcon_core.package_discovery:discover_packages(path) using defaults
[0.555s] Level 5:colcon.colcon_core.verb:set package 'rr_rviz_plugins' build argument 'cmake_args' from command line to 'None'
[0.555s] Level 5:colcon.colcon_core.verb:set package 'rr_rviz_plugins' build argument 'cmake_target' from command line to 'None'
[0.555s] Level 5:colcon.colcon_core.verb:set package 'rr_rviz_plugins' build argument 'cmake_target_skip_unavailable' from command line to 'False'
[0.555s] Level 5:colcon.colcon_core.verb:set package 'rr_rviz_plugins' build argument 'cmake_clean_cache' from command line to 'False'
[0.555s] Level 5:colcon.colcon_core.verb:set package 'rr_rviz_plugins' build argument 'cmake_clean_first' from command line to 'False'
[0.555s] Level 5:colcon.colcon_core.verb:set package 'rr_rviz_plugins' build argument 'cmake_force_configure' from command line to 'False'
[0.556s] Level 5:colcon.colcon_core.verb:set package 'rr_rviz_plugins' build argument 'ament_cmake_args' from command line to 'None'
[0.556s] Level 5:colcon.colcon_core.verb:set package 'rr_rviz_plugins' build argument 'catkin_cmake_args' from command line to 'None'
[0.556s] Level 5:colcon.colcon_core.verb:set package 'rr_rviz_plugins' build argument 'catkin_skip_building_tests' from command line to 'False'
[0.556s] DEBUG:colcon.colcon_core.verb:Building package 'rr_rviz_plugins' with the following arguments: {'ament_cmake_args': None, 'build_base': '/home/szl/roboracing_ws/src/roboracing-software/rr_rviz_plugins/build/rr_rviz_plugins', 'catkin_cmake_args': None, 'catkin_skip_building_tests': False, 'cmake_args': None, 'cmake_clean_cache': False, 'cmake_clean_first': False, 'cmake_force_configure': False, 'cmake_target': None, 'cmake_target_skip_unavailable': False, 'install_base': '/home/szl/roboracing_ws/src/roboracing-software/rr_rviz_plugins/install/rr_rviz_plugins', 'merge_install': False, 'path': '/home/szl/roboracing_ws/src/roboracing-software/rr_rviz_plugins', 'symlink_install': False, 'test_result_base': None}
[0.676s] INFO:colcon.colcon_core.executor:Executing jobs using 'parallel' executor
[0.683s] DEBUG:colcon.colcon_parallel_executor.executor.parallel:run_until_complete
[0.684s] INFO:colcon.colcon_ros.task.ament_cmake.build:Building ROS package in '/home/szl/roboracing_ws/src/roboracing-software/rr_rviz_plugins' with build type 'ament_cmake'
[0.684s] INFO:colcon.colcon_cmake.task.cmake.build:Building CMake package in '/home/szl/roboracing_ws/src/roboracing-software/rr_rviz_plugins'
[0.700s] INFO:colcon.colcon_core.plugin_system:Skipping extension 'colcon_core.shell.bat': Not used on non-Windows systems
[0.701s] INFO:colcon.colcon_core.shell:Skip shell extension 'powershell' for command environment: Not usable outside of PowerShell
[0.701s] DEBUG:colcon.colcon_core.shell:Skip shell extension 'dsv' for command environment
[0.726s] DEBUG:colcon.colcon_core.event_handler.log_command:Invoking command in '/home/szl/roboracing_ws/src/roboracing-software/rr_rviz_plugins/build/rr_rviz_plugins': CMAKE_PREFIX_PATH=/opt/ros/galactic /usr/bin/cmake /home/szl/roboracing_ws/src/roboracing-software/rr_rviz_plugins -DCMAKE_INSTALL_PREFIX=/home/szl/roboracing_ws/src/roboracing-software/rr_rviz_plugins/install/rr_rviz_plugins
[7.156s] DEBUG:colcon.colcon_core.event_handler.log_command:Invoked command in '/home/szl/roboracing_ws/src/roboracing-software/rr_rviz_plugins/build/rr_rviz_plugins' returned '1': CMAKE_PREFIX_PATH=/opt/ros/galactic /usr/bin/cmake /home/szl/roboracing_ws/src/roboracing-software/rr_rviz_plugins -DCMAKE_INSTALL_PREFIX=/home/szl/roboracing_ws/src/roboracing-software/rr_rviz_plugins/install/rr_rviz_plugins
[7.170s] Level 1:colcon.colcon_core.environment:create_environment_scripts_only(rr_rviz_plugins)
[7.204s] Level 1:colcon.colcon_core.environment:checking '/home/szl/roboracing_ws/src/roboracing-software/rr_rviz_plugins/install/rr_rviz_plugins' for CMake module files
[7.214s] Level 1:colcon.colcon_core.environment:checking '/home/szl/roboracing_ws/src/roboracing-software/rr_rviz_plugins/install/rr_rviz_plugins' for CMake config files
[7.226s] Level 1:colcon.colcon_core.environment:checking '/home/szl/roboracing_ws/src/roboracing-software/rr_rviz_plugins/install/rr_rviz_plugins/bin'
[7.226s] Level 1:colcon.colcon_core.environment:checking '/home/szl/roboracing_ws/src/roboracing-software/rr_rviz_plugins/install/rr_rviz_plugins/lib/pkgconfig/rr_rviz_plugins.pc'
[7.227s] Level 1:colcon.colcon_core.environment:checking '/home/szl/roboracing_ws/src/roboracing-software/rr_rviz_plugins/install/rr_rviz_plugins/lib/python3.8/site-packages'
[7.229s] INFO:colcon.colcon_core.shell:Creating package script '/home/szl/roboracing_ws/src/roboracing-software/rr_rviz_plugins/install/rr_rviz_plugins/share/rr_rviz_plugins/package.ps1'
[7.233s] INFO:colcon.colcon_core.shell:Creating package descriptor '/home/szl/roboracing_ws/src/roboracing-software/rr_rviz_plugins/install/rr_rviz_plugins/share/rr_rviz_plugins/package.dsv'
[7.235s] INFO:colcon.colcon_core.shell:Creating package script '/home/szl/roboracing_ws/src/roboracing-software/rr_rviz_plugins/install/rr_rviz_plugins/share/rr_rviz_plugins/package.sh'
[7.238s] INFO:colcon.colcon_core.shell:Creating package script '/home/szl/roboracing_ws/src/roboracing-software/rr_rviz_plugins/install/rr_rviz_plugins/share/rr_rviz_plugins/package.bash'
[7.241s] INFO:colcon.colcon_core.shell:Creating package script '/home/szl/roboracing_ws/src/roboracing-software/rr_rviz_plugins/install/rr_rviz_plugins/share/rr_rviz_plugins/package.zsh'
[7.245s] Level 1:colcon.colcon_core.environment:create_file_with_runtime_dependencies(/home/szl/roboracing_ws/src/roboracing-software/rr_rviz_plugins/install/rr_rviz_plugins/share/colcon-core/packages/rr_rviz_plugins)
[7.257s] DEBUG:colcon.colcon_parallel_executor.executor.parallel:closing loop
[7.258s] DEBUG:colcon.colcon_parallel_executor.executor.parallel:loop closed
[7.258s] DEBUG:colcon.colcon_parallel_executor.executor.parallel:run_until_complete finished with '1'
[7.258s] DEBUG:colcon.colcon_core.event_reactor:joining thread
[7.301s] INFO:colcon.colcon_core.plugin_system:Skipping extension 'colcon_notification.desktop_notification.terminal_notifier': Not used on non-Darwin systems
[7.301s] INFO:colcon.colcon_core.plugin_system:Skipping extension 'colcon_notification.desktop_notification.win32': Not used on non-Windows systems
[7.301s] INFO:colcon.colcon_notification.desktop_notification:Sending desktop notification using 'notify2'
[7.319s] DEBUG:colcon.colcon_core.event_reactor:joined thread
[7.320s] INFO:colcon.colcon_core.shell:Creating prefix script '/home/szl/roboracing_ws/src/roboracing-software/rr_rviz_plugins/install/local_setup.ps1'
[7.321s] INFO:colcon.colcon_core.shell:Creating prefix util module '/home/szl/roboracing_ws/src/roboracing-software/rr_rviz_plugins/install/_local_setup_util_ps1.py'
[7.322s] INFO:colcon.colcon_core.shell:Creating prefix chain script '/home/szl/roboracing_ws/src/roboracing-software/rr_rviz_plugins/install/setup.ps1'
[7.323s] INFO:colcon.colcon_core.shell:Creating prefix script '/home/szl/roboracing_ws/src/roboracing-software/rr_rviz_plugins/install/local_setup.sh'
[7.325s] INFO:colcon.colcon_core.shell:Creating prefix util module '/home/szl/roboracing_ws/src/roboracing-software/rr_rviz_plugins/install/_local_setup_util_sh.py'
[7.328s] INFO:colcon.colcon_core.shell:Creating prefix chain script '/home/szl/roboracing_ws/src/roboracing-software/rr_rviz_plugins/install/setup.sh'
[7.331s] INFO:colcon.colcon_core.shell:Creating prefix script '/home/szl/roboracing_ws/src/roboracing-software/rr_rviz_plugins/install/local_setup.bash'
[7.333s] INFO:colcon.colcon_core.shell:Creating prefix chain script '/home/szl/roboracing_ws/src/roboracing-software/rr_rviz_plugins/install/setup.bash'
[7.336s] INFO:colcon.colcon_core.shell:Creating prefix script '/home/szl/roboracing_ws/src/roboracing-software/rr_rviz_plugins/install/local_setup.zsh'
[7.337s] INFO:colcon.colcon_core.shell:Creating prefix chain script '/home/szl/roboracing_ws/src/roboracing-software/rr_rviz_plugins/install/setup.zsh'
